0 info it worked if it ends with ok
1 verbose cli [ '/usr/local/bin/iojs', '/usr/local/bin/npm', 'install' ]
2 info using npm@2.13.3
3 info using node@v3.0.0
4 verbose readDependencies loading dependencies from /Users/pablo/Dropbox/Workspace/Stampery/block-explorer/package.json
5 error install Couldn't read dependencies
6 verbose stack Error: Invalid name: "Block Explorer"
6 verbose stack     at ensureValidName (/usr/local/lib/node_modules/npm/node_modules/normalize-package-data/lib/fixer.js:331:15)
6 verbose stack     at Object.module.exports.fixNameField (/usr/local/lib/node_modules/npm/node_modules/normalize-package-data/lib/fixer.js:210:5)
6 verbose stack     at /usr/local/lib/node_modules/npm/node_modules/normalize-package-data/lib/normalize.js:32:38
6 verbose stack     at Array.forEach (native)
6 verbose stack     at normalize (/usr/local/lib/node_modules/npm/node_modules/normalize-package-data/lib/normalize.js:31:15)
6 verbose stack     at final (/usr/local/lib/node_modules/npm/node_modules/read-package-json/read-json.js:338:5)
6 verbose stack     at then (/usr/local/lib/node_modules/npm/node_modules/read-package-json/read-json.js:113:5)
6 verbose stack     at /usr/local/lib/node_modules/npm/node_modules/read-package-json/read-json.js:300:12
6 verbose stack     at FSReqWrap.readFileAfterClose [as oncomplete] (evalmachine.<anonymous>:380:3)
7 verbose cwd /Users/pablo/Dropbox/Workspace/Stampery/block-explorer
8 error Darwin 15.0.0
9 error argv "/usr/local/bin/iojs" "/usr/local/bin/npm" "install"
10 error node v3.0.0
11 error npm  v2.13.3
12 error Invalid name: "Block Explorer"
13 error If you need help, you may report this error at:
13 error     <https://github.com/npm/npm/issues>
14 verbose exit [ 1, true ]
